This file contains any messages produced by compilers while
running configure, to aid debugging if configure makes a mistake.

It was created by MutatrisHD configure 1.5, which was
generated by GNU Autoconf 2.69.  Invocation command line was

  $ ./configure 

## --------- ##
## Platform. ##
## --------- ##

hostname = LostSideDead
uname -m = x86_64
uname -r = 15.5.0
uname -s = Darwin
uname -v = Darwin Kernel Version 15.5.0: Tue Apr 19 18:36:36 PDT 2016; root:xnu-3248.50.21~8/RELEASE_X86_64

/usr/bin/uname -p = i386
/bin/uname -X     = unknown

/bin/arch              = unknown
/usr/bin/arch -k       = unknown
/usr/convex/getsysinfo = unknown
/usr/bin/hostinfo      = Mach kernel version:
	 Darwin Kernel Version 15.5.0: Tue Apr 19 18:36:36 PDT 2016; root:xnu-3248.50.21~8/RELEASE_X86_64
Kernel configured for up to 8 processors.
4 processors are physically available.
8 processors are logically available.
Processor type: i486 (Intel 80486)
Processors active: 0 1 2 3 4 5 6 7
Primary memory available: 10.00 gigabytes
Default processor set: 268 tasks, 1220 threads, 8 processors
Load average: 1.43, Mach factor: 6.56
/bin/machine           = unknown
/usr/bin/oslevel       = unknown
/bin/universe          = unknown

PATH: /Volumes/LostSideDrive-2/Android/android-ndk-r10e
PATH: /Volumes/LostSideDrive-2/Android/android-ndk-r10e/prebuilt/darwin-x86_64/bin
PATH: /Volumes/LostSideDrive-2/Android/android-sdk-macosx/platform-tools
PATH: /Volumes/LostSideDrive-2/Android/android-sdk-macosx/tools
PATH: /opt/local/bin
PATH: /opt/local/sbin
PATH: /opt/local/bin
PATH: /opt/local/sbin
PATH: /opt/local/bin
PATH: /opt/local/sbin
PATH: /Users/jared/mingw-w64/bin
PATH: /Volumes/LostDrive-6//Users/jared/New.Mingw32/bin
PATH: /usr/local/bin
PATH: /usr/bin
PATH: /bin
PATH: /usr/sbin
PATH: /sbin
PATH: /opt/X11/bin
PATH: /Users/jared/Downloads/adt-bundle-mac-x86_64-20140321/sdk/platform-tools


## ----------- ##
## Core tests. ##
## ----------- ##

configure:2427: checking for a BSD-compatible install
configure:2495: result: /usr/bin/install -c
configure:2506: checking whether build environment is sane
configure:2561: result: yes
configure:2712: checking for a thread-safe mkdir -p
configure:2751: result: ./install-sh -c -d
configure:2758: checking for gawk
configure:2788: result: no
configure:2758: checking for mawk
configure:2788: result: no
configure:2758: checking for nawk
configure:2788: result: no
configure:2758: checking for awk
configure:2774: found /Volumes/LostSideDrive-2/Android/android-ndk-r10e/prebuilt/darwin-x86_64/bin/awk
configure:2785: result: awk
configure:2796: checking whether make sets $(MAKE)
configure:2818: result: yes
configure:2847: checking whether make supports nested variables
configure:2864: result: yes
configure:3048: checking for g++
configure:3064: found /usr/bin/g++
configure:3075: result: g++
configure:3102: checking for C++ compiler version
configure:3111: g++ --version >&5
Apple LLVM version 7.3.0 (clang-703.0.31)
Target: x86_64-apple-darwin15.5.0
Thread model: posix
InstalledDir: /Applications/Xcode.app/Contents/Developer/Toolchains/XcodeDefault.xctoolchain/usr/bin
Configured with: --prefix=/Applications/Xcode.app/Contents/Developer/usr --with-gxx-include-dir=/Applications/Xcode.app/Contents/Developer/Platforms/MacOSX.platform/Developer/SDKs/MacOSX10.11.sdk/usr/include/c++/4.2.1
configure:3122: $? = 0
configure:3111: g++ -v >&5
Configured with: --prefix=/Applications/Xcode.app/Contents/Developer/usr --with-gxx-include-dir=/Applications/Xcode.app/Contents/Developer/Platforms/MacOSX.platform/Developer/SDKs/MacOSX10.11.sdk/usr/include/c++/4.2.1
Apple LLVM version 7.3.0 (clang-703.0.31)
Target: x86_64-apple-darwin15.5.0
Thread model: posix
InstalledDir: /Applications/Xcode.app/Contents/Developer/Toolchains/XcodeDefault.xctoolchain/usr/bin
configure:3122: $? = 0
configure:3111: g++ -V >&5
clang: error: argument to '-V' is missing (expected 1 value)
clang: error: no input files
configure:3122: $? = 1
configure:3111: g++ -qversion >&5
clang: error: unknown argument: '-qversion'
clang: error: no input files
configure:3122: $? = 1
configure:3142: checking whether the C++ compiler works
configure:3164: g++    conftest.cpp  >&5
configure:3168: $? = 0
configure:3216: result: yes
configure:3219: checking for C++ compiler default output file name
configure:3221: result: a.out
configure:3227: checking for suffix of executables
configure:3234: g++ -o conftest    conftest.cpp  >&5
configure:3238: $? = 0
configure:3260: result: 
configure:3282: checking whether we are cross compiling
configure:3290: g++ -o conftest    conftest.cpp  >&5
configure:3294: $? = 0
configure:3301: ./conftest
configure:3305: $? = 0
configure:3320: result: no
configure:3325: checking for suffix of object files
configure:3347: g++ -c   conftest.cpp >&5
configure:3351: $? = 0
configure:3372: result: o
configure:3376: checking whether we are using the GNU C++ compiler
configure:3395: g++ -c   conftest.cpp >&5
configure:3395: $? = 0
configure:3404: result: yes
configure:3413: checking whether g++ accepts -g
configure:3433: g++ -c -g  conftest.cpp >&5
configure:3433: $? = 0
configure:3474: result: yes
configure:3508: checking for style of include used by make
configure:3536: result: GNU
configure:3562: checking dependency style of g++
configure:3673: result: gcc3
configure:3736: checking for gcc
configure:3752: found /usr/bin/gcc
configure:3763: result: gcc
configure:3992: checking for C compiler version
configure:4001: gcc --version >&5
Apple LLVM version 7.3.0 (clang-703.0.31)
Target: x86_64-apple-darwin15.5.0
Thread model: posix
InstalledDir: /Applications/Xcode.app/Contents/Developer/Toolchains/XcodeDefault.xctoolchain/usr/bin
Configured with: --prefix=/Applications/Xcode.app/Contents/Developer/usr --with-gxx-include-dir=/Applications/Xcode.app/Contents/Developer/Platforms/MacOSX.platform/Developer/SDKs/MacOSX10.11.sdk/usr/include/c++/4.2.1
configure:4012: $? = 0
configure:4001: gcc -v >&5
Configured with: --prefix=/Applications/Xcode.app/Contents/Developer/usr --with-gxx-include-dir=/Applications/Xcode.app/Contents/Developer/Platforms/MacOSX.platform/Developer/SDKs/MacOSX10.11.sdk/usr/include/c++/4.2.1
Apple LLVM version 7.3.0 (clang-703.0.31)
Target: x86_64-apple-darwin15.5.0
Thread model: posix
InstalledDir: /Applications/Xcode.app/Contents/Developer/Toolchains/XcodeDefault.xctoolchain/usr/bin
configure:4012: $? = 0
configure:4001: gcc -V >&5
clang: error: argument to '-V' is missing (expected 1 value)
clang: error: no input files
configure:4012: $? = 1
configure:4001: gcc -qversion >&5
clang: error: unknown argument: '-qversion'
clang: error: no input files
configure:4012: $? = 1
configure:4016: checking whether we are using the GNU C compiler
configure:4035: gcc -c   conftest.c >&5
configure:4035: $? = 0
configure:4044: result: yes
configure:4053: checking whether gcc accepts -g
configure:4073: gcc -c -g  conftest.c >&5
configure:4073: $? = 0
configure:4114: result: yes
configure:4131: checking for gcc option to accept ISO C89
configure:4194: gcc  -c -g -O2  conftest.c >&5
configure:4194: $? = 0
configure:4207: result: none needed
configure:4232: checking whether gcc understands -c and -o together
configure:4254: gcc -c conftest.c -o conftest2.o
configure:4257: $? = 0
configure:4254: gcc -c conftest.c -o conftest2.o
configure:4257: $? = 0
configure:4269: result: yes
configure:4288: checking dependency style of gcc
configure:4399: result: gcc3
configure:4431: checking for sdl2-config
configure:4484: result: /opt/local/bin/sdl2-config
configure:4529: checking how to run the C++ preprocessor
configure:4556: g++ -E  conftest.cpp
configure:4556: $? = 0
configure:4570: g++ -E  conftest.cpp
conftest.cpp:12:10: fatal error: 'ac_nonexistent.h' file not found
#include <ac_nonexistent.h>
         ^
1 error generated.
configure:4570: $? = 1
configure: failed program was:
| /* confdefs.h */
| #define PACKAGE_NAME "MutatrisHD"
| #define PACKAGE_TARNAME "mutatrishd"
| #define PACKAGE_VERSION "1.5"
| #define PACKAGE_STRING "MutatrisHD 1.5"
| #define PACKAGE_BUGREPORT "jared@lostsidedead.com"
| #define PACKAGE_URL ""
| #define PACKAGE "mutatrishd"
| #define VERSION "1.5"
| #define HAVE_LIBSDL 1
| /* end confdefs.h.  */
| #include <ac_nonexistent.h>
configure:4595: result: g++ -E
configure:4615: g++ -E  conftest.cpp
configure:4615: $? = 0
configure:4629: g++ -E  conftest.cpp
conftest.cpp:12:10: fatal error: 'ac_nonexistent.h' file not found
#include <ac_nonexistent.h>
         ^
1 error generated.
configure:4629: $? = 1
configure: failed program was:
| /* confdefs.h */
| #define PACKAGE_NAME "MutatrisHD"
| #define PACKAGE_TARNAME "mutatrishd"
| #define PACKAGE_VERSION "1.5"
| #define PACKAGE_STRING "MutatrisHD 1.5"
| #define PACKAGE_BUGREPORT "jared@lostsidedead.com"
| #define PACKAGE_URL ""
| #define PACKAGE "mutatrishd"
| #define VERSION "1.5"
| #define HAVE_LIBSDL 1
| /* end confdefs.h.  */
| #include <ac_nonexistent.h>
configure:4658: checking for grep that handles long lines and -e
configure:4716: result: /usr/bin/grep
configure:4721: checking for egrep
configure:4783: result: /usr/bin/grep -E
configure:4788: checking for ANSI C header files
configure:4808: g++ -c -g -O2  conftest.cpp >&5
configure:4808: $? = 0
configure:4881: g++ -o conftest -g -O2   conftest.cpp  >&5
configure:4881: $? = 0
configure:4881: ./conftest
configure:4881: $? = 0
configure:4892: result: yes
configure:4905: checking for sys/types.h
configure:4905: g++ -c -g -O2  conftest.cpp >&5
configure:4905: $? = 0
configure:4905: result: yes
configure:4905: checking for sys/stat.h
configure:4905: g++ -c -g -O2  conftest.cpp >&5
configure:4905: $? = 0
configure:4905: result: yes
configure:4905: checking for stdlib.h
configure:4905: g++ -c -g -O2  conftest.cpp >&5
configure:4905: $? = 0
configure:4905: result: yes
configure:4905: checking for string.h
configure:4905: g++ -c -g -O2  conftest.cpp >&5
configure:4905: $? = 0
configure:4905: result: yes
configure:4905: checking for memory.h
configure:4905: g++ -c -g -O2  conftest.cpp >&5
configure:4905: $? = 0
configure:4905: result: yes
configure:4905: checking for strings.h
configure:4905: g++ -c -g -O2  conftest.cpp >&5
configure:4905: $? = 0
configure:4905: result: yes
configure:4905: checking for inttypes.h
configure:4905: g++ -c -g -O2  conftest.cpp >&5
configure:4905: $? = 0
configure:4905: result: yes
configure:4905: checking for stdint.h
configure:4905: g++ -c -g -O2  conftest.cpp >&5
configure:4905: $? = 0
configure:4905: result: yes
configure:4905: checking for unistd.h
configure:4905: g++ -c -g -O2  conftest.cpp >&5
configure:4905: $? = 0
configure:4905: result: yes
configure:4920: checking fcntl.h usability
configure:4920: g++ -c -g -O2  conftest.cpp >&5
configure:4920: $? = 0
configure:4920: result: yes
configure:4920: checking fcntl.h presence
configure:4920: g++ -E  conftest.cpp
configure:4920: $? = 0
configure:4920: result: yes
configure:4920: checking for fcntl.h
configure:4920: result: yes
configure:4920: checking for inttypes.h
configure:4920: result: yes
configure:4920: checking limits.h usability
configure:4920: g++ -c -g -O2  conftest.cpp >&5
configure:4920: $? = 0
configure:4920: result: yes
configure:4920: checking limits.h presence
configure:4920: g++ -E  conftest.cpp
configure:4920: $? = 0
configure:4920: result: yes
configure:4920: checking for limits.h
configure:4920: result: yes
configure:4920: checking stddef.h usability
configure:4920: g++ -c -g -O2  conftest.cpp >&5
configure:4920: $? = 0
configure:4920: result: yes
configure:4920: checking stddef.h presence
configure:4920: g++ -E  conftest.cpp
configure:4920: $? = 0
configure:4920: result: yes
configure:4920: checking for stddef.h
configure:4920: result: yes
configure:4920: checking for stdint.h
configure:4920: result: yes
configure:4920: checking for string.h
configure:4920: result: yes
configure:4920: checking for strings.h
configure:4920: result: yes
configure:4920: checking sys/time.h usability
configure:4920: g++ -c -g -O2  conftest.cpp >&5
configure:4920: $? = 0
configure:4920: result: yes
configure:4920: checking sys/time.h presence
configure:4920: g++ -E  conftest.cpp
configure:4920: $? = 0
configure:4920: result: yes
configure:4920: checking for sys/time.h
configure:4920: result: yes
configure:4920: checking for unistd.h
configure:4920: result: yes
configure:4932: checking for stdbool.h that conforms to C99
configure:4999: g++ -c -g -O2  conftest.cpp >&5
conftest.cpp:80:24: warning: address of 's' will always evaluate to 'true' [-Wpointer-bool-conversion]
             bool e = &s;
                  ~    ^
conftest.cpp:84:23: warning: address of array 'a' will always evaluate to 'true' [-Wpointer-bool-conversion]
             return (!a + !b + !c + !d + !e + !f + !g + !h + !i + !!j + !k + !!l
                     ~^
conftest.cpp:84:28: warning: address of array 'b' will always evaluate to 'true' [-Wpointer-bool-conversion]
             return (!a + !b + !c + !d + !e + !f + !g + !h + !i + !!j + !k + !!l
                          ~^
conftest.cpp:84:33: warning: address of array 'c' will always evaluate to 'true' [-Wpointer-bool-conversion]
             return (!a + !b + !c + !d + !e + !f + !g + !h + !i + !!j + !k + !!l
                               ~^
conftest.cpp:84:38: warning: address of array 'd' will always evaluate to 'true' [-Wpointer-bool-conversion]
             return (!a + !b + !c + !d + !e + !f + !g + !h + !i + !!j + !k + !!l
                                    ~^
conftest.cpp:84:48: warning: address of array 'f' will always evaluate to 'true' [-Wpointer-bool-conversion]
             return (!a + !b + !c + !d + !e + !f + !g + !h + !i + !!j + !k + !!l
                                              ~^
conftest.cpp:84:53: warning: address of array 'g' will always evaluate to 'true' [-Wpointer-bool-conversion]
             return (!a + !b + !c + !d + !e + !f + !g + !h + !i + !!j + !k + !!l
                                                   ~^
conftest.cpp:84:58: warning: address of array 'h' will always evaluate to 'true' [-Wpointer-bool-conversion]
             return (!a + !b + !c + !d + !e + !f + !g + !h + !i + !!j + !k + !!l
                                                        ~^
conftest.cpp:84:63: warning: address of array 'i' will always evaluate to 'true' [-Wpointer-bool-conversion]
             return (!a + !b + !c + !d + !e + !f + !g + !h + !i + !!j + !k + !!l
                                                             ~^
conftest.cpp:85:30: warning: address of array 'n' will always evaluate to 'true' [-Wpointer-bool-conversion]
                            ~^
conftest.cpp:85:35: warning: address of array 'o' will always evaluate to 'true' [-Wpointer-bool-conversion]
                                 ~^
conftest.cpp:85:40: warning: address of array 'p' will always evaluate to 'true' [-Wpointer-bool-conversion]
                                      ~^
12 warnings generated.
configure:4999: $? = 0
configure:5006: result: yes
configure:5008: checking for _Bool
configure:5008: g++ -c -g -O2  conftest.cpp >&5
conftest.cpp:67:13: error: use of undeclared identifier '_Bool'
if (sizeof (_Bool))
            ^
1 error generated.
configure:5008: $? = 1
configure: failed program was:
| /* confdefs.h */
| #define PACKAGE_NAME "MutatrisHD"
| #define PACKAGE_TARNAME "mutatrishd"
| #define PACKAGE_VERSION "1.5"
| #define PACKAGE_STRING "MutatrisHD 1.5"
| #define PACKAGE_BUGREPORT "jared@lostsidedead.com"
| #define PACKAGE_URL ""
| #define PACKAGE "mutatrishd"
| #define VERSION "1.5"
| #define HAVE_LIBSDL 1
| #define STDC_HEADERS 1
| #define HAVE_SYS_TYPES_H 1
| #define HAVE_SYS_STAT_H 1
| #define HAVE_STDLIB_H 1
| #define HAVE_STRING_H 1
| #define HAVE_MEMORY_H 1
| #define HAVE_STRINGS_H 1
| #define HAVE_INTTYPES_H 1
| #define HAVE_STDINT_H 1
| #define HAVE_UNISTD_H 1
| #define HAVE_FCNTL_H 1
| #define HAVE_INTTYPES_H 1
| #define HAVE_LIMITS_H 1
| #define HAVE_STDDEF_H 1
| #define HAVE_STDINT_H 1
| #define HAVE_STRING_H 1
| #define HAVE_STRINGS_H 1
| #define HAVE_SYS_TIME_H 1
| #define HAVE_UNISTD_H 1
| /* end confdefs.h.  */
| #include <stdio.h>
| #ifdef HAVE_SYS_TYPES_H
| # include <sys/types.h>
| #endif
| #ifdef HAVE_SYS_STAT_H
| # include <sys/stat.h>
| #endif
| #ifdef STDC_HEADERS
| # include <stdlib.h>
| # include <stddef.h>
| #else
| # ifdef HAVE_STDLIB_H
| #  include <stdlib.h>
| # endif
| #endif
| #ifdef HAVE_STRING_H
| # if !defined STDC_HEADERS && defined HAVE_MEMORY_H
| #  include <memory.h>
| # endif
| # include <string.h>
| #endif
| #ifdef HAVE_STRINGS_H
| # include <strings.h>
| #endif
| #ifdef HAVE_INTTYPES_H
| # include <inttypes.h>
| #endif
| #ifdef HAVE_STDINT_H
| # include <stdint.h>
| #endif
| #ifdef HAVE_UNISTD_H
| # include <unistd.h>
| #endif
| int
| main ()
| {
| if (sizeof (_Bool))
| 	 return 0;
|   ;
|   return 0;
| }
configure:5008: result: no
configure:5019: checking for inline
configure:5035: g++ -c -g -O2  conftest.cpp >&5
configure:5035: $? = 0
configure:5043: result: inline
configure:5061: checking for int64_t
configure:5061: g++ -c -g -O2  conftest.cpp >&5
configure:5061: $? = 0
configure:5061: g++ -c -g -O2  conftest.cpp >&5
conftest.cpp:68:24: error: 'test_array' declared as an array with a negative size
static int test_array [1 - 2 * !((int64_t) (((((int64_t) 1 << N) << N) - 1) * 2 + 1)
                       ^~~~~~~~~~~~~~~~~~~~~~~~~~~~~~~~~~~~~~~~~~~~~~~~~~~~~~~~~~~~~
1 error generated.
configure:5061: $? = 1
configure: failed program was:
| /* confdefs.h */
| #define PACKAGE_NAME "MutatrisHD"
| #define PACKAGE_TARNAME "mutatrishd"
| #define PACKAGE_VERSION "1.5"
| #define PACKAGE_STRING "MutatrisHD 1.5"
| #define PACKAGE_BUGREPORT "jared@lostsidedead.com"
| #define PACKAGE_URL ""
| #define PACKAGE "mutatrishd"
| #define VERSION "1.5"
| #define HAVE_LIBSDL 1
| #define STDC_HEADERS 1
| #define HAVE_SYS_TYPES_H 1
| #define HAVE_SYS_STAT_H 1
| #define HAVE_STDLIB_H 1
| #define HAVE_STRING_H 1
| #define HAVE_MEMORY_H 1
| #define HAVE_STRINGS_H 1
| #define HAVE_INTTYPES_H 1
| #define HAVE_STDINT_H 1
| #define HAVE_UNISTD_H 1
| #define HAVE_FCNTL_H 1
| #define HAVE_INTTYPES_H 1
| #define HAVE_LIMITS_H 1
| #define HAVE_STDDEF_H 1
| #define HAVE_STDINT_H 1
| #define HAVE_STRING_H 1
| #define HAVE_STRINGS_H 1
| #define HAVE_SYS_TIME_H 1
| #define HAVE_UNISTD_H 1
| /* end confdefs.h.  */
| #include <stdio.h>
| #ifdef HAVE_SYS_TYPES_H
| # include <sys/types.h>
| #endif
| #ifdef HAVE_SYS_STAT_H
| # include <sys/stat.h>
| #endif
| #ifdef STDC_HEADERS
| # include <stdlib.h>
| # include <stddef.h>
| #else
| # ifdef HAVE_STDLIB_H
| #  include <stdlib.h>
| # endif
| #endif
| #ifdef HAVE_STRING_H
| # if !defined STDC_HEADERS && defined HAVE_MEMORY_H
| #  include <memory.h>
| # endif
| # include <string.h>
| #endif
| #ifdef HAVE_STRINGS_H
| # include <strings.h>
| #endif
| #ifdef HAVE_INTTYPES_H
| # include <inttypes.h>
| #endif
| #ifdef HAVE_STDINT_H
| # include <stdint.h>
| #endif
| #ifdef HAVE_UNISTD_H
| # include <unistd.h>
| #endif
| 	        enum { N = 64 / 2 - 1 };
| int
| main ()
| {
| static int test_array [1 - 2 * !((int64_t) (((((int64_t) 1 << N) << N) - 1) * 2 + 1)
| 		 < (int64_t) (((((int64_t) 1 << N) << N) - 1) * 2 + 2))];
| test_array [0] = 0;
| return test_array [0];
| 
|   ;
|   return 0;
| }
configure:5061: result: yes
configure:5072: checking for size_t
configure:5072: g++ -c -g -O2  conftest.cpp >&5
configure:5072: $? = 0
configure:5072: g++ -c -g -O2  conftest.cpp >&5
conftest.cpp:67:21: error: expected expression
if (sizeof ((size_t)))
                    ^
1 error generated.
configure:5072: $? = 1
configure: failed program was:
| /* confdefs.h */
| #define PACKAGE_NAME "MutatrisHD"
| #define PACKAGE_TARNAME "mutatrishd"
| #define PACKAGE_VERSION "1.5"
| #define PACKAGE_STRING "MutatrisHD 1.5"
| #define PACKAGE_BUGREPORT "jared@lostsidedead.com"
| #define PACKAGE_URL ""
| #define PACKAGE "mutatrishd"
| #define VERSION "1.5"
| #define HAVE_LIBSDL 1
| #define STDC_HEADERS 1
| #define HAVE_SYS_TYPES_H 1
| #define HAVE_SYS_STAT_H 1
| #define HAVE_STDLIB_H 1
| #define HAVE_STRING_H 1
| #define HAVE_MEMORY_H 1
| #define HAVE_STRINGS_H 1
| #define HAVE_INTTYPES_H 1
| #define HAVE_STDINT_H 1
| #define HAVE_UNISTD_H 1
| #define HAVE_FCNTL_H 1
| #define HAVE_INTTYPES_H 1
| #define HAVE_LIMITS_H 1
| #define HAVE_STDDEF_H 1
| #define HAVE_STDINT_H 1
| #define HAVE_STRING_H 1
| #define HAVE_STRINGS_H 1
| #define HAVE_SYS_TIME_H 1
| #define HAVE_UNISTD_H 1
| /* end confdefs.h.  */
| #include <stdio.h>
| #ifdef HAVE_SYS_TYPES_H
| # include <sys/types.h>
| #endif
| #ifdef HAVE_SYS_STAT_H
| # include <sys/stat.h>
| #endif
| #ifdef STDC_HEADERS
| # include <stdlib.h>
| # include <stddef.h>
| #else
| # ifdef HAVE_STDLIB_H
| #  include <stdlib.h>
| # endif
| #endif
| #ifdef HAVE_STRING_H
| # if !defined STDC_HEADERS && defined HAVE_MEMORY_H
| #  include <memory.h>
| # endif
| # include <string.h>
| #endif
| #ifdef HAVE_STRINGS_H
| # include <strings.h>
| #endif
| #ifdef HAVE_INTTYPES_H
| # include <inttypes.h>
| #endif
| #ifdef HAVE_STDINT_H
| # include <stdint.h>
| #endif
| #ifdef HAVE_UNISTD_H
| # include <unistd.h>
| #endif
| int
| main ()
| {
| if (sizeof ((size_t)))
| 	    return 0;
|   ;
|   return 0;
| }
configure:5072: result: yes
configure:5083: checking for uint64_t
configure:5083: g++ -c -g -O2  conftest.cpp >&5
configure:5083: $? = 0
configure:5083: result: yes
configure:5097: checking for ptrdiff_t
configure:5097: g++ -c -g -O2  conftest.cpp >&5
configure:5097: $? = 0
configure:5097: g++ -c -g -O2  conftest.cpp >&5
conftest.cpp:67:24: error: expected expression
if (sizeof ((ptrdiff_t)))
                       ^
1 error generated.
configure:5097: $? = 1
configure: failed program was:
| /* confdefs.h */
| #define PACKAGE_NAME "MutatrisHD"
| #define PACKAGE_TARNAME "mutatrishd"
| #define PACKAGE_VERSION "1.5"
| #define PACKAGE_STRING "MutatrisHD 1.5"
| #define PACKAGE_BUGREPORT "jared@lostsidedead.com"
| #define PACKAGE_URL ""
| #define PACKAGE "mutatrishd"
| #define VERSION "1.5"
| #define HAVE_LIBSDL 1
| #define STDC_HEADERS 1
| #define HAVE_SYS_TYPES_H 1
| #define HAVE_SYS_STAT_H 1
| #define HAVE_STDLIB_H 1
| #define HAVE_STRING_H 1
| #define HAVE_MEMORY_H 1
| #define HAVE_STRINGS_H 1
| #define HAVE_INTTYPES_H 1
| #define HAVE_STDINT_H 1
| #define HAVE_UNISTD_H 1
| #define HAVE_FCNTL_H 1
| #define HAVE_INTTYPES_H 1
| #define HAVE_LIMITS_H 1
| #define HAVE_STDDEF_H 1
| #define HAVE_STDINT_H 1
| #define HAVE_STRING_H 1
| #define HAVE_STRINGS_H 1
| #define HAVE_SYS_TIME_H 1
| #define HAVE_UNISTD_H 1
| /* end confdefs.h.  */
| #include <stdio.h>
| #ifdef HAVE_SYS_TYPES_H
| # include <sys/types.h>
| #endif
| #ifdef HAVE_SYS_STAT_H
| # include <sys/stat.h>
| #endif
| #ifdef STDC_HEADERS
| # include <stdlib.h>
| # include <stddef.h>
| #else
| # ifdef HAVE_STDLIB_H
| #  include <stdlib.h>
| # endif
| #endif
| #ifdef HAVE_STRING_H
| # if !defined STDC_HEADERS && defined HAVE_MEMORY_H
| #  include <memory.h>
| # endif
| # include <string.h>
| #endif
| #ifdef HAVE_STRINGS_H
| # include <strings.h>
| #endif
| #ifdef HAVE_INTTYPES_H
| # include <inttypes.h>
| #endif
| #ifdef HAVE_STDINT_H
| # include <stdint.h>
| #endif
| #ifdef HAVE_UNISTD_H
| # include <unistd.h>
| #endif
| int
| main ()
| {
| if (sizeof ((ptrdiff_t)))
| 	    return 0;
|   ;
|   return 0;
| }
configure:5097: result: yes
configure:5111: checking for stdlib.h
configure:5111: result: yes
configure:5121: checking for GNU libc compatible malloc
configure:5145: g++ -o conftest -g -O2   conftest.cpp  >&5
configure:5145: $? = 0
configure:5145: ./conftest
configure:5145: $? = 0
configure:5155: result: yes
configure:5178: checking for memset
configure:5178: g++ -o conftest -g -O2   conftest.cpp  >&5
configure:5178: $? = 0
configure:5178: result: yes
configure:5332: checking that generated files are newer than configure
configure:5338: result: done
configure:5365: creating ./config.status

## ---------------------- ##
## Running config.status. ##
## ---------------------- ##

This file was extended by MutatrisHD config.status 1.5, which was
generated by GNU Autoconf 2.69.  Invocation command line was

  CONFIG_FILES    = 
  CONFIG_HEADERS  = 
  CONFIG_LINKS    = 
  CONFIG_COMMANDS = 
  $ ./config.status 

on LostSideDead

config.status:877: creating Makefile
config.status:877: creating mutatris/Makefile
config.status:877: creating config.h
config.status:1058: config.h is unchanged
config.status:1106: executing depfiles commands

## ---------------- ##
## Cache variables. ##
## ---------------- ##

ac_cv_c_compiler_gnu=yes
ac_cv_c_inline=inline
ac_cv_c_int64_t=yes
ac_cv_c_uint64_t=yes
ac_cv_cxx_compiler_gnu=yes
ac_cv_env_CCC_set=
ac_cv_env_CCC_value=
ac_cv_env_CC_set=
ac_cv_env_CC_value=
ac_cv_env_CFLAGS_set=
ac_cv_env_CFLAGS_value=
ac_cv_env_CPPFLAGS_set=
ac_cv_env_CPPFLAGS_value=
ac_cv_env_CXXCPP_set=
ac_cv_env_CXXCPP_value=
ac_cv_env_CXXFLAGS_set=
ac_cv_env_CXXFLAGS_value=
ac_cv_env_CXX_set=
ac_cv_env_CXX_value=
ac_cv_env_LDFLAGS_set=
ac_cv_env_LDFLAGS_value=
ac_cv_env_LIBS_set=
ac_cv_env_LIBS_value=
ac_cv_env_build_alias_set=
ac_cv_env_build_alias_value=
ac_cv_env_host_alias_set=
ac_cv_env_host_alias_value=
ac_cv_env_target_alias_set=
ac_cv_env_target_alias_value=
ac_cv_func_malloc_0_nonnull=yes
ac_cv_func_memset=yes
ac_cv_header_fcntl_h=yes
ac_cv_header_inttypes_h=yes
ac_cv_header_limits_h=yes
ac_cv_header_memory_h=yes
ac_cv_header_stdbool_h=yes
ac_cv_header_stdc=yes
ac_cv_header_stddef_h=yes
ac_cv_header_stdint_h=yes
ac_cv_header_stdlib_h=yes
ac_cv_header_string_h=yes
ac_cv_header_strings_h=yes
ac_cv_header_sys_stat_h=yes
ac_cv_header_sys_time_h=yes
ac_cv_header_sys_types_h=yes
ac_cv_header_unistd_h=yes
ac_cv_objext=o
ac_cv_path_EGREP='/usr/bin/grep -E'
ac_cv_path_GREP=/usr/bin/grep
ac_cv_path_install='/usr/bin/install -c'
ac_cv_prog_AWK=awk
ac_cv_prog_CXXCPP='g++ -E'
ac_cv_prog_ac_ct_CC=gcc
ac_cv_prog_ac_ct_CXX=g++
ac_cv_prog_cc_c89=
ac_cv_prog_cc_g=yes
ac_cv_prog_cxx_g=yes
ac_cv_prog_make_make_set=yes
ac_cv_type__Bool=no
ac_cv_type_ptrdiff_t=yes
ac_cv_type_size_t=yes
am_cv_CC_dependencies_compiler_type=gcc3
am_cv_CXX_dependencies_compiler_type=gcc3
am_cv_make_support_nested_variables=yes
am_cv_prog_cc_c_o=yes
kde_cv_path=/opt/local/bin/sdl2-config
kde_cv_path_sdl2_config=/opt/local/bin/sdl2-config

## ----------------- ##
## Output variables. ##
## ----------------- ##

ACLOCAL='${SHELL} /Users/jared/Source/MutatrisHD/missing aclocal-1.14'
AMDEPBACKSLASH='\'
AMDEP_FALSE='#'
AMDEP_TRUE=''
AMTAR='$${TAR-tar}'
AM_BACKSLASH='\'
AM_DEFAULT_V='$(AM_DEFAULT_VERBOSITY)'
AM_DEFAULT_VERBOSITY='1'
AM_V='$(V)'
AUTOCONF='${SHELL} /Users/jared/Source/MutatrisHD/missing autoconf'
AUTOHEADER='${SHELL} /Users/jared/Source/MutatrisHD/missing autoheader'
AUTOMAKE='${SHELL} /Users/jared/Source/MutatrisHD/missing automake-1.14'
AWK='awk'
CC='gcc'
CCDEPMODE='depmode=gcc3'
CFLAGS='-g -O2'
CPPFLAGS=''
CXX='g++'
CXXCPP='g++ -E'
CXXDEPMODE='depmode=gcc3'
CXXFLAGS='-g -O2'
CYGPATH_W='echo'
DEFS='-DHAVE_CONFIG_H'
DEPDIR='.deps'
ECHO_C='\c'
ECHO_N=''
ECHO_T=''
EGREP='/usr/bin/grep -E'
EXEEXT=''
GREP='/usr/bin/grep'
INSTALL_DATA='${INSTALL} -m 644'
INSTALL_PROGRAM='${INSTALL}'
INSTALL_SCRIPT='${INSTALL}'
INSTALL_STRIP_PROGRAM='$(install_sh) -c -s'
LDFLAGS=''
LIBGLEW_GLEWLIB='-L/Volumes/LostDrive-6/Users/jared/usr.local/local/Cellar/glew/1.13.0/lib -lGLEW '
LIBOBJS=''
LIBS=''
LIBSDL_CFLAGS='-I/opt/local/include/SDL2 -I/usr/X11R6/include -D_THREAD_SAFE'
LIBSDL_LIBS='-L/opt/local/lib /opt/local/lib/libSDL2.a -lm -liconv -Wl,-framework,OpenGL -Wl,-framework,ForceFeedback -lobjc -Wl,-framework,Cocoa -Wl,-framework,Carbon -Wl,-framework,IOKit -Wl,-framework,CoreAudio -Wl,-framework,AudioToolbox -Wl,-framework,AudioUnit'
LTLIBOBJS=''
MAKEINFO='${SHELL} /Users/jared/Source/MutatrisHD/missing makeinfo'
MKDIR_P='./install-sh -c -d'
OBJEXT='o'
PACKAGE='mutatrishd'
PACKAGE_BUGREPORT='jared@lostsidedead.com'
PACKAGE_NAME='MutatrisHD'
PACKAGE_STRING='MutatrisHD 1.5'
PACKAGE_TARNAME='mutatrishd'
PACKAGE_URL=''
PACKAGE_VERSION='1.5'
PATH_SEPARATOR=':'
SET_MAKE=''
SHELL='/bin/sh'
STRIP=''
VERSION='1.5'
ac_ct_CC='gcc'
ac_ct_CXX='g++'
am__EXEEXT_FALSE=''
am__EXEEXT_TRUE='#'
am__fastdepCC_FALSE='#'
am__fastdepCC_TRUE=''
am__fastdepCXX_FALSE='#'
am__fastdepCXX_TRUE=''
am__include='include'
am__isrc=''
am__leading_dot='.'
am__nodep='_no'
am__quote=''
am__tar='$${TAR-tar} chof - "$$tardir"'
am__untar='$${TAR-tar} xf -'
bindir='${exec_prefix}/bin'
build_alias=''
datadir='${datarootdir}'
datarootdir='${prefix}/share'
docdir='${datarootdir}/doc/${PACKAGE_TARNAME}'
dvidir='${docdir}'
exec_prefix='${prefix}'
host_alias=''
htmldir='${docdir}'
includedir='${prefix}/include'
infodir='${datarootdir}/info'
install_sh='${SHELL} /Users/jared/Source/MutatrisHD/install-sh'
libdir='${exec_prefix}/lib'
libexecdir='${exec_prefix}/libexec'
localedir='${datarootdir}/locale'
localstatedir='${prefix}/var'
mandir='${datarootdir}/man'
mkdir_p='$(MKDIR_P)'
oldincludedir='/usr/include'
pdfdir='${docdir}'
prefix='/usr/local'
program_transform_name='s,x,x,'
psdir='${docdir}'
sbindir='${exec_prefix}/sbin'
sharedstatedir='${prefix}/com'
sysconfdir='${prefix}/etc'
target_alias=''

## ----------- ##
## confdefs.h. ##
## ----------- ##

/* confdefs.h */
#define PACKAGE_NAME "MutatrisHD"
#define PACKAGE_TARNAME "mutatrishd"
#define PACKAGE_VERSION "1.5"
#define PACKAGE_STRING "MutatrisHD 1.5"
#define PACKAGE_BUGREPORT "jared@lostsidedead.com"
#define PACKAGE_URL ""
#define PACKAGE "mutatrishd"
#define VERSION "1.5"
#define HAVE_LIBSDL 1
#define STDC_HEADERS 1
#define HAVE_SYS_TYPES_H 1
#define HAVE_SYS_STAT_H 1
#define HAVE_STDLIB_H 1
#define HAVE_STRING_H 1
#define HAVE_MEMORY_H 1
#define HAVE_STRINGS_H 1
#define HAVE_INTTYPES_H 1
#define HAVE_STDINT_H 1
#define HAVE_UNISTD_H 1
#define HAVE_FCNTL_H 1
#define HAVE_INTTYPES_H 1
#define HAVE_LIMITS_H 1
#define HAVE_STDDEF_H 1
#define HAVE_STDINT_H 1
#define HAVE_STRING_H 1
#define HAVE_STRINGS_H 1
#define HAVE_SYS_TIME_H 1
#define HAVE_UNISTD_H 1
#define HAVE_PTRDIFF_T 1
#define HAVE_STDLIB_H 1
#define HAVE_MALLOC 1
#define HAVE_MEMSET 1

configure: exit 0
